2015-10-30 18:18:21,152 [ModalContext] INFO  o.e.m.c.i.e.AbstractTransferListenerAdapter - Downloading https://maven.java.net/content/groups/public/org/glassfish/jersey/archetypes/jersey-example-java8-webapp/2.22.1/jersey-example-java8-webapp-2.22.1.jar
2015-10-30 18:18:22,172 [ModalContext] INFO  o.e.m.c.i.e.AbstractTransferListenerAdapter - Downloaded https://maven.java.net/content/groups/public/org/glassfish/jersey/archetypes/jersey-example-java8-webapp/2.22.1/jersey-example-java8-webapp-2.22.1.jar
2015-10-30 18:18:22,688 [ModalContext] INFO  o.e.m.c.i.e.AbstractTransferListenerAdapter - Downloading https://maven.java.net/content/groups/public/org/glassfish/jersey/archetypes/jersey-example-java8-webapp/2.22.1/jersey-example-java8-webapp-2.22.1.pom
2015-10-30 18:18:22,915 [ModalContext] INFO  o.e.m.c.i.e.AbstractTransferListenerAdapter - Downloaded https://maven.java.net/content/groups/public/org/glassfish/jersey/archetypes/jersey-example-java8-webapp/2.22.1/jersey-example-java8-webapp-2.22.1.pom
2015-10-30 18:20:38,636 [Worker-38] INFO  o.e.m.c.i.p.ProjectConfigurationManager - Collecting project info '/pom.xml' /home/slyboots/development/workspace/mobile_workspace/btsmaintenanceserver/pom.xml
2015-10-30 18:20:38,936 [Worker-38] INFO  o.e.m.c.i.p.ProjectConfigurationManager - Imported and configured 1 project(s) in 0 sec
2015-10-30 18:20:49,471 [Worker-40] ERROR o.e.m.c.i.p.r.ProjectRegistryManager - Failed to read Maven project: 1 problem was encountered while building the effective model for org.glassfish.jersey.examples:btsmaintenanceserver:[unknown-version]
[FATAL] Non-resolvable parent POM for org.glassfish.jersey.examples:btsmaintenanceserver:[unknown-version]: Could not find artifact org.glassfish.jersey.examples:webapp-example-parent:pom:0.0.1-SNAPSHOT and 'parent.relativePath' points at wrong local POM @ line 46, column 13
 for project org.glassfish.jersey.examples:btsmaintenanceserver:[unknown-version] at /home/slyboots/development/workspace/mobile_workspace/btsmaintenanceserver/pom.xml
org.apache.maven.project.ProjectBuildingException: 1 problem was encountered while building the effective model for org.glassfish.jersey.examples:btsmaintenanceserver:[unknown-version]
[FATAL] Non-resolvable parent POM for org.glassfish.jersey.examples:btsmaintenanceserver:[unknown-version]: Could not find artifact org.glassfish.jersey.examples:webapp-example-parent:pom:0.0.1-SNAPSHOT and 'parent.relativePath' points at wrong local POM @ line 46, column 13
 for project org.glassfish.jersey.examples:btsmaintenanceserver:[unknown-version] at /home/slyboots/development/workspace/mobile_workspace/btsmaintenanceserver/pom.xml
	at org.apache.maven.project.DefaultProjectBuilder.build(DefaultProjectBuilder.java:168) ~[maven-core-3.3.3.jar:3.3.3]
	at org.apache.maven.project.DefaultProjectBuilder.build(DefaultProjectBuilder.java:119) ~[maven-core-3.3.3.jar:3.3.3]
	at org.eclipse.m2e.core.internal.embedder.MavenImpl.readMavenProject(MavenImpl.java:636) ~[org.eclipse.m2e.core_1.6.2.20150902-0002.jar:na]
	at org.eclipse.m2e.core.internal.project.registry.ProjectRegistryManager$5.call(ProjectRegistryManager.java:815) ~[org.eclipse.m2e.core_1.6.2.20150902-0002.jar:na]
	at org.eclipse.m2e.core.internal.project.registry.ProjectRegistryManager$5.call(ProjectRegistryManager.java:1) ~[org.eclipse.m2e.core_1.6.2.20150902-0002.jar:na]
	at org.eclipse.m2e.core.internal.embedder.MavenExecutionContext.executeBare(MavenExecutionContext.java:176) ~[org.eclipse.m2e.core_1.6.2.20150902-0002.jar:na]
	at org.eclipse.m2e.core.internal.embedder.MavenExecutionContext.execute(MavenExecutionContext.java:151) ~[org.eclipse.m2e.core_1.6.2.20150902-0002.jar:na]
	at org.eclipse.m2e.core.internal.embedder.MavenExecutionContext.execute(MavenExecutionContext.java:99) ~[org.eclipse.m2e.core_1.6.2.20150902-0002.jar:na]
	at org.eclipse.m2e.core.internal.project.registry.ProjectRegistryManager.execute(ProjectRegistryManager.java:956) ~[org.eclipse.m2e.core_1.6.2.20150902-0002.jar:na]
	at org.eclipse.m2e.core.internal.project.registry.ProjectRegistryManager.readProjectWithDependencies(ProjectRegistryManager.java:811) ~[org.eclipse.m2e.core_1.6.2.20150902-0002.jar:na]
	at org.eclipse.m2e.core.internal.project.registry.ProjectRegistryManager.create(ProjectRegistryManager.java:191) ~[org.eclipse.m2e.core_1.6.2.20150902-0002.jar:na]
	at org.eclipse.m2e.core.internal.project.registry.MavenProjectManager.create(MavenProjectManager.java:80) [org.eclipse.m2e.core_1.6.2.20150902-0002.jar:na]
	at org.eclipse.m2e.core.ui.internal.actions.SelectionUtil.getMavenProject(SelectionUtil.java:259) [org.eclipse.m2e.core.ui_1.6.2.20150902-0002.jar:na]
	at org.eclipse.m2e.editor.pom.MavenPomEditor.readMavenProject(MavenPomEditor.java:729) [org.eclipse.m2e.editor_1.6.2.20150902-0002.jar:na]
	at org.eclipse.m2e.editor.pom.MavenPomEditor$5.run(MavenPomEditor.java:1050) [org.eclipse.m2e.editor_1.6.2.20150902-0002.jar:na]
	at org.eclipse.core.internal.jobs.Worker.run(Worker.java:55) [org.eclipse.core.jobs_3.7.0.v20150330-2103.jar:na]
Caused by: org.apache.maven.model.building.ModelBuildingException: 1 problem was encountered while building the effective model for org.glassfish.jersey.examples:btsmaintenanceserver:[unknown-version]
[FATAL] Non-resolvable parent POM for org.glassfish.jersey.examples:btsmaintenanceserver:[unknown-version]: Could not find artifact org.glassfish.jersey.examples:webapp-example-parent:pom:0.0.1-SNAPSHOT and 'parent.relativePath' points at wrong local POM @ line 46, column 13

	at org.apache.maven.model.building.DefaultModelProblemCollector.newModelBuildingException(DefaultModelProblemCollector.java:197) ~[maven-model-builder-3.3.3.jar:3.3.3]
	at org.apache.maven.model.building.DefaultModelBuilder.readParentExternally(DefaultModelBuilder.java:1007) ~[maven-model-builder-3.3.3.jar:3.3.3]
	at org.apache.maven.model.building.DefaultModelBuilder.readParent(DefaultModelBuilder.java:796) ~[maven-model-builder-3.3.3.jar:3.3.3]
	at org.apache.maven.model.building.DefaultModelBuilder.build(DefaultModelBuilder.java:325) ~[maven-model-builder-3.3.3.jar:3.3.3]
	at org.apache.maven.project.DefaultProjectBuilder.build(DefaultProjectBuilder.java:161) ~[maven-core-3.3.3.jar:3.3.3]
	... 15 common frames omitted
